<?xml version="1.0" encoding="UTF-8"?>
<testsuite xmlns:xsi="http://www.w3.org/2001/XMLSchema-instance" xsi:noNamespaceSchemaLocation="https://maven.apache.org/surefire/maven-surefire-plugin/xsd/surefire-test-report.xsd" name="io.github.codingspeedup.execdoc.blueprint.kb.TestEntity" time="0" tests="0" errors="0" skipped="0" failures="0">
  <properties>
    <property name="gopherProxySet" value="false"/>
    <property name="awt.toolkit" value="sun.lwawt.macosx.LWCToolkit"/>
    <property name="java.specification.version" value="11"/>
    <property name="sun.cpu.isalist" value=""/>
    <property name="sun.jnu.encoding" value="UTF-8"/>
    <property name="java.class.path" value="/Users/iulian/Projects/github/execdoc/execdoc-core/target/test-classes:/Users/iulian/Projects/github/execdoc/execdoc-core/target/classes:/Users/iulian/.m2/repository/org/projectlombok/lombok/1.18.22/lombok-1.18.22.jar:/Users/iulian/.m2/repository/org/junit/jupiter/junit-jupiter-api/5.8.2/junit-jupiter-api-5.8.2.jar:/Users/iulian/.m2/repository/org/opentest4j/opentest4j/1.2.0/opentest4j-1.2.0.jar:/Users/iulian/.m2/repository/org/junit/platform/junit-platform-commons/1.8.2/junit-platform-commons-1.8.2.jar:/Users/iulian/.m2/repository/org/apiguardian/apiguardian-api/1.1.2/apiguardian-api-1.1.2.jar:/Users/iulian/.m2/repository/org/slf4j/slf4j-api/1.7.32/slf4j-api-1.7.32.jar:/Users/iulian/.m2/repository/org/slf4j/slf4j-simple/1.7.32/slf4j-simple-1.7.32.jar:/Users/iulian/.m2/repository/org/apache/commons/commons-lang3/3.12.0/commons-lang3-3.12.0.jar:/Users/iulian/.m2/repository/commons-beanutils/commons-beanutils/1.9.4/commons-beanutils-1.9.4.jar:/Users/iulian/.m2/repository/commons-logging/commons-logging/1.2/commons-logging-1.2.jar:/Users/iulian/.m2/repository/commons-collections/commons-collections/3.2.2/commons-collections-3.2.2.jar:/Users/iulian/.m2/repository/commons-io/commons-io/2.11.0/commons-io-2.11.0.jar:/Users/iulian/.m2/repository/org/apache/commons/commons-math3/3.6.1/commons-math3-3.6.1.jar:/Users/iulian/.m2/repository/org/apache/commons/commons-text/1.9/commons-text-1.9.jar:/Users/iulian/.m2/repository/org/apache/tika/tika-core/2.1.0/tika-core-2.1.0.jar:/Users/iulian/.m2/repository/org/apache/poi/poi-ooxml/5.0.0/poi-ooxml-5.0.0.jar:/Users/iulian/.m2/repository/org/apache/poi/poi/5.0.0/poi-5.0.0.jar:/Users/iulian/.m2/repository/org/slf4j/jcl-over-slf4j/1.7.30/jcl-over-slf4j-1.7.30.jar:/Users/iulian/.m2/repository/commons-codec/commons-codec/1.15/commons-codec-1.15.jar:/Users/iulian/.m2/repository/org/apache/commons/commons-collections4/4.4/commons-collections4-4.4.jar:/Users/iulian/.m2/repository/com/zaxxer/SparseBitSet/1.2/SparseBitSet-1.2.jar:/Users/iulian/.m2/repository/org/apache/poi/poi-ooxml-lite/5.0.0/poi-ooxml-lite-5.0.0.jar:/Users/iulian/.m2/repository/org/apache/commons/commons-compress/1.20/commons-compress-1.20.jar:/Users/iulian/.m2/repository/com/github/virtuald/curvesapi/1.06/curvesapi-1.06.jar:/Users/iulian/.m2/repository/org/bouncycastle/bcpkix-jdk15on/1.68/bcpkix-jdk15on-1.68.jar:/Users/iulian/.m2/repository/org/bouncycastle/bcprov-jdk15on/1.68/bcprov-jdk15on-1.68.jar:/Users/iulian/.m2/repository/org/apache/santuario/xmlsec/2.2.1/xmlsec-2.2.1.jar:/Users/iulian/.m2/repository/com/fasterxml/woodstox/woodstox-core/5.2.1/woodstox-core-5.2.1.jar:/Users/iulian/.m2/repository/org/codehaus/woodstox/stax2-api/4.2/stax2-api-4.2.jar:/Users/iulian/.m2/repository/jakarta/xml/bind/jakarta.xml.bind-api/2.3.2/jakarta.xml.bind-api-2.3.2.jar:/Users/iulian/.m2/repository/jakarta/activation/jakarta.activation-api/1.2.1/jakarta.activation-api-1.2.1.jar:/Users/iulian/.m2/repository/org/apache/xmlgraphics/batik-all/1.13/batik-all-1.13.jar:/Users/iulian/.m2/repository/org/apache/xmlgraphics/batik-anim/1.13/batik-anim-1.13.jar:/Users/iulian/.m2/repository/org/apache/xmlgraphics/batik-shared-resources/1.13/batik-shared-resources-1.13.jar:/Users/iulian/.m2/repository/xml-apis/xml-apis-ext/1.3.04/xml-apis-ext-1.3.04.jar:/Users/iulian/.m2/repository/org/apache/xmlgraphics/batik-awt-util/1.13/batik-awt-util-1.13.jar:/Users/iulian/.m2/repository/org/apache/xmlgraphics/xmlgraphics-commons/2.4/xmlgraphics-commons-2.4.jar:/Users/iulian/.m2/repository/org/apache/xmlgraphics/batik-bridge/1.13/batik-bridge-1.13.jar:/Users/iulian/.m2/repository/org/apache/xmlgraphics/batik-codec/1.13/batik-codec-1.13.jar:/Users/iulian/.m2/repository/org/apache/xmlgraphics/batik-constants/1.13/batik-constants-1.13.jar:/Users/iulian/.m2/repository/org/apache/xmlgraphics/batik-css/1.13/batik-css-1.13.jar:/Users/iulian/.m2/repository/org/apache/xmlgraphics/batik-dom/1.13/batik-dom-1.13.jar:/Users/iulian/.m2/repository/xalan/xalan/2.7.2/xalan-2.7.2.jar:/Users/iulian/.m2/repository/xalan/serializer/2.7.2/serializer-2.7.2.jar:/Users/iulian/.m2/repository/xml-apis/xml-apis/1.4.01/xml-apis-1.4.01.jar:/Users/iulian/.m2/repository/org/apache/xmlgraphics/batik-ext/1.13/batik-ext-1.13.jar:/Users/iulian/.m2/repository/org/apache/xmlgraphics/batik-extension/1.13/batik-extension-1.13.jar:/Users/iulian/.m2/repository/org/apache/xmlgraphics/batik-gui-util/1.13/batik-gui-util-1.13.jar:/Users/iulian/.m2/repository/org/apache/xmlgraphics/batik-gvt/1.13/batik-gvt-1.13.jar:/Users/iulian/.m2/repository/org/apache/xmlgraphics/batik-i18n/1.13/batik-i18n-1.13.jar:/Users/iulian/.m2/repository/org/apache/xmlgraphics/batik-parser/1.13/batik-parser-1.13.jar:/Users/iulian/.m2/repository/org/apache/xmlgraphics/batik-rasterizer-ext/1.13/batik-rasterizer-ext-1.13.jar:/Users/iulian/.m2/repository/org/apache/xmlgraphics/batik-rasterizer/1.13/batik-rasterizer-1.13.jar:/Users/iulian/.m2/repository/org/apache/xmlgraphics/batik-script/1.13/batik-script-1.13.jar:/Users/iulian/.m2/repository/org/apache/xmlgraphics/batik-slideshow/1.13/batik-slideshow-1.13.jar:/Users/iulian/.m2/repository/org/apache/xmlgraphics/batik-squiggle-ext/1.13/batik-squiggle-ext-1.13.jar:/Users/iulian/.m2/repository/org/apache/xmlgraphics/batik-squiggle/1.13/batik-squiggle-1.13.jar:/Users/iulian/.m2/repository/org/apache/xmlgraphics/batik-svg-dom/1.13/batik-svg-dom-1.13.jar:/Users/iulian/.m2/repository/org/apache/xmlgraphics/batik-svgbrowser/1.13/batik-svgbrowser-1.13.jar:/Users/iulian/.m2/repository/org/apache/xmlgraphics/batik-svggen/1.13/batik-svggen-1.13.jar:/Users/iulian/.m2/repository/org/apache/xmlgraphics/batik-svgpp/1.13/batik-svgpp-1.13.jar:/Users/iulian/.m2/repository/org/apache/xmlgraphics/batik-svgrasterizer/1.13/batik-svgrasterizer-1.13.jar:/Users/iulian/.m2/repository/org/apache/xmlgraphics/batik-swing/1.13/batik-swing-1.13.jar:/Users/iulian/.m2/repository/org/apache/xmlgraphics/batik-transcoder/1.13/batik-transcoder-1.13.jar:/Users/iulian/.m2/repository/org/apache/xmlgraphics/batik-util/1.13/batik-util-1.13.jar:/Users/iulian/.m2/repository/org/apache/xmlgraphics/batik-ttf2svg/1.13/batik-ttf2svg-1.13.jar:/Users/iulian/.m2/repository/org/apache/xmlgraphics/batik-xml/1.13/batik-xml-1.13.jar:/Users/iulian/.m2/repository/de/rototor/pdfbox/graphics2d/0.30/graphics2d-0.30.jar:/Users/iulian/.m2/repository/org/apache/poi/poi-ooxml-full/5.0.0/poi-ooxml-full-5.0.0.jar:/Users/iulian/.m2/repository/org/apache/xmlbeans/xmlbeans/4.0.0/xmlbeans-4.0.0.jar:/Users/iulian/.m2/repository/org/jgrapht/jgrapht-core/1.5.1/jgrapht-core-1.5.1.jar:/Users/iulian/.m2/repository/org/jheaps/jheaps/0.13/jheaps-0.13.jar:/Users/iulian/.m2/repository/com/openhtmltopdf/openhtmltopdf-pdfbox/1.0.10/openhtmltopdf-pdfbox-1.0.10.jar:/Users/iulian/.m2/repository/org/apache/pdfbox/pdfbox/2.0.24/pdfbox-2.0.24.jar:/Users/iulian/.m2/repository/org/apache/pdfbox/fontbox/2.0.24/fontbox-2.0.24.jar:/Users/iulian/.m2/repository/org/apache/pdfbox/xmpbox/2.0.24/xmpbox-2.0.24.jar:/Users/iulian/.m2/repository/com/openhtmltopdf/openhtmltopdf-core/1.0.10/openhtmltopdf-core-1.0.10.jar:/Users/iulian/.m2/repository/org/dom4j/dom4j/2.1.3/dom4j-2.1.3.jar:/Users/iulian/.m2/repository/org/json/json/20211205/json-20211205.jar:/Users/iulian/.m2/repository/com/github/javaparser/javaparser-symbol-solver-core/3.23.1/javaparser-symbol-solver-core-3.23.1.jar:/Users/iulian/.m2/repository/com/github/javaparser/javaparser-core/3.23.1/javaparser-core-3.23.1.jar:/Users/iulian/.m2/repository/org/javassist/javassist/3.28.0-GA/javassist-3.28.0-GA.jar:/Users/iulian/.m2/repository/com/google/guava/guava/31.0.1-jre/guava-31.0.1-jre.jar:/Users/iulian/.m2/repository/com/google/guava/failureaccess/1.0.1/failureaccess-1.0.1.jar:/Users/iulian/.m2/repository/com/google/guava/listenablefuture/9999.0-empty-to-avoid-conflict-with-guava/listenablefuture-9999.0-empty-to-avoid-conflict-with-guava.jar:/Users/iulian/.m2/repository/com/google/code/findbugs/jsr305/3.0.2/jsr305-3.0.2.jar:/Users/iulian/.m2/repository/org/checkerframework/checker-qual/3.12.0/checker-qual-3.12.0.jar:/Users/iulian/.m2/repository/com/google/errorprone/error_prone_annotations/2.7.1/error_prone_annotations-2.7.1.jar:/Users/iulian/.m2/repository/com/google/j2objc/j2objc-annotations/1.3/j2objc-annotations-1.3.jar:/Users/iulian/.m2/repository/it/unibo/tuprolog/ide-plp/0.20.4/ide-plp-0.20.4.jar:/Users/iulian/.m2/repository/org/jetbrains/kotlin/kotlin-stdlib-jdk8/1.5.31/kotlin-stdlib-jdk8-1.5.31.jar:/Users/iulian/.m2/repository/org/jetbrains/kotlin/kotlin-stdlib/1.5.31/kotlin-stdlib-1.5.31.jar:/Users/iulian/.m2/repository/org/jetbrains/annotations/13.0/annotations-13.0.jar:/Users/iulian/.m2/repository/org/jetbrains/kotlin/kotlin-stdlib-jdk7/1.5.31/kotlin-stdlib-jdk7-1.5.31.jar:/Users/iulian/.m2/repository/it/unibo/tuprolog/ide/0.20.4/ide-0.20.4.jar:/Users/iulian/.m2/repository/it/unibo/tuprolog/io-lib-jvm/0.20.4/io-lib-jvm-0.20.4.jar:/Users/iulian/.m2/repository/it/unibo/tuprolog/solve-jvm/0.20.4/solve-jvm-0.20.4.jar:/Users/iulian/.m2/repository/it/unibo/tuprolog/oop-lib-jvm/0.20.4/oop-lib-jvm-0.20.4.jar:/Users/iulian/.m2/repository/org/jetbrains/kotlin/kotlin-reflect/1.5.31/kotlin-reflect-1.5.31.jar:/Users/iulian/.m2/repository/it/unibo/tuprolog/parser-theory-jvm/0.20.4/parser-theory-jvm-0.20.4.jar:/Users/iulian/.m2/repository/it/unibo/tuprolog/core-jvm/0.20.4/core-jvm-0.20.4.jar:/Users/iulian/.m2/repository/io/github/gciatto/kt-math-jvm/0.4.0/kt-math-jvm-0.4.0.jar:/Users/iulian/.m2/repository/it/unibo/tuprolog/utils-jvm/0.20.4/utils-jvm-0.20.4.jar:/Users/iulian/.m2/repository/it/unibo/tuprolog/unify-jvm/0.20.4/unify-jvm-0.20.4.jar:/Users/iulian/.m2/repository/it/unibo/tuprolog/theory-jvm/0.20.4/theory-jvm-0.20.4.jar:/Users/iulian/.m2/repository/it/unibo/tuprolog/parser-core-jvm/0.20.4/parser-core-jvm-0.20.4.jar:/Users/iulian/.m2/repository/it/unibo/tuprolog/parser-jvm/0.20.4/parser-jvm-0.20.4.jar:/Users/iulian/.m2/repository/org/antlr/antlr4-runtime/4.9.2/antlr4-runtime-4.9.2.jar:/Users/iulian/.m2/repository/it/unibo/tuprolog/solve-classic-jvm/0.20.4/solve-classic-jvm-0.20.4.jar:/Users/iulian/.m2/repository/it/unibo/tuprolog/dsl-theory-jvm/0.20.4/dsl-theory-jvm-0.20.4.jar:/Users/iulian/.m2/repository/it/unibo/tuprolog/dsl-unify-jvm/0.20.4/dsl-unify-jvm-0.20.4.jar:/Users/iulian/.m2/repository/it/unibo/tuprolog/dsl-core-jvm/0.20.4/dsl-core-jvm-0.20.4.jar:/Users/iulian/.m2/repository/org/fxmisc/richtext/richtextfx/0.10.6/richtextfx-0.10.6.jar:/Users/iulian/.m2/repository/org/reactfx/reactfx/2.0-M5/reactfx-2.0-M5.jar:/Users/iulian/.m2/repository/org/fxmisc/undo/undofx/2.1.0/undofx-2.1.0.jar:/Users/iulian/.m2/repository/org/fxmisc/flowless/flowless/0.6.3/flowless-0.6.3.jar:/Users/iulian/.m2/repository/org/fxmisc/wellbehaved/wellbehavedfx/0.3.3/wellbehavedfx-0.3.3.jar:/Users/iulian/.m2/repository/it/unibo/tuprolog/solve-problog-jvm/0.20.4/solve-problog-jvm-0.20.4.jar:/Users/iulian/.m2/repository/org/jetbrains/kotlin/kotlin-stdlib-common/1.5.31/kotlin-stdlib-common-1.5.31.jar:/Users/iulian/.m2/repository/it/unibo/tuprolog/bdd-jvm/0.20.4/bdd-jvm-0.20.4.jar:/Users/iulian/.m2/repository/it/unibo/tuprolog/solve-plp-jvm/0.20.4/solve-plp-jvm-0.20.4.jar:/Users/iulian/.m2/repository/guru/nidi/graphviz-java/0.18.1/graphviz-java-0.18.1.jar:/Users/iulian/.m2/repository/org/webjars/npm/viz.js-graphviz-java/2.1.3/viz.js-graphviz-java-2.1.3.jar:/Users/iulian/.m2/repository/guru/nidi/com/kitfox/svgSalamander/1.1.3/svgSalamander-1.1.3.jar:/Users/iulian/.m2/repository/net/arnx/nashorn-promise/0.1.1/nashorn-promise-0.1.1.jar:/Users/iulian/.m2/repository/org/apache/commons/commons-exec/1.3/commons-exec-1.3.jar:/Users/iulian/.m2/repository/org/slf4j/jul-to-slf4j/1.7.30/jul-to-slf4j-1.7.30.jar:/Users/iulian/.m2/repository/guru/nidi/com/eclipsesource/j2v8/j2v8_macosx_x86_64/4.6.0/j2v8_macosx_x86_64-4.6.0.jar:/Users/iulian/.m2/repository/org/openjfx/javafx-graphics/16/javafx-graphics-16-linux.jar:/Users/iulian/.m2/repository/org/openjfx/javafx-base/16/javafx-base-16.jar:/Users/iulian/.m2/repository/org/openjfx/javafx-fxml/16/javafx-fxml-16-linux.jar:/Users/iulian/.m2/repository/org/openjfx/javafx-fxml/16/javafx-fxml-16-mac.jar:/Users/iulian/.m2/repository/org/openjfx/javafx-controls/16/javafx-controls-16.jar:/Users/iulian/.m2/repository/org/openjfx/javafx-controls/16/javafx-controls-16-linux.jar:/Users/iulian/.m2/repository/org/openjfx/javafx-controls/16/javafx-controls-16-mac.jar:/Users/iulian/.m2/repository/org/openjfx/javafx-graphics/16/javafx-graphics-16.jar:/Users/iulian/.m2/repository/org/openjfx/javafx-base/16/javafx-base-16-linux.jar:/Users/iulian/.m2/repository/org/openjfx/javafx-base/16/javafx-base-16-mac.jar:/Users/iulian/.m2/repository/org/openjfx/javafx-graphics/16/javafx-graphics-16-win.jar:/Users/iulian/.m2/repository/org/openjfx/javafx-graphics/16/javafx-graphics-16-mac.jar:/Users/iulian/.m2/repository/io/github/java-diff-utils/java-diff-utils/4.11/java-diff-utils-4.11.jar:/Users/iulian/.m2/repository/net/sourceforge/plantuml/plantuml/1.2021.10/plantuml-1.2021.10.jar:/Users/iulian/.m2/repository/org/thymeleaf/thymeleaf/3.0.14.RELEASE/thymeleaf-3.0.14.RELEASE.jar:/Users/iulian/.m2/repository/ognl/ognl/3.1.26/ognl-3.1.26.jar:/Users/iulian/.m2/repository/org/attoparser/attoparser/2.0.5.RELEASE/attoparser-2.0.5.RELEASE.jar:/Users/iulian/.m2/repository/org/unbescape/unbescape/1.1.6.RELEASE/unbescape-1.1.6.RELEASE.jar:/Users/iulian/.m2/repository/com/devskiller/friendly-id/friendly-id/1.1.0/friendly-id-1.1.0.jar:"/>
    <property name="java.vm.vendor" value="Homebrew"/>
    <property name="sun.arch.data.model" value="64"/>
    <property name="java.vendor.url" value="https://github.com/Homebrew/homebrew-core/issues"/>
    <property name="user.timezone" value=""/>
    <property name="java.vm.specification.version" value="11"/>
    <property name="os.name" value="Mac OS X"/>
    <property name="sun.java.launcher" value="SUN_STANDARD"/>
    <property name="user.country" value="RO"/>
    <property name="sun.boot.library.path" value="/usr/local/Cellar/openjdk@11/11.0.12/libexec/openjdk.jdk/Contents/Home/lib"/>
    <property name="sun.java.command" value="/Users/iulian/Projects/github/execdoc/execdoc-core/target/surefire/surefirebooter14632074089191378427.jar /Users/iulian/Projects/github/execdoc/execdoc-core/target/surefire 2022-02-12T16-01-56_987-jvmRun1 surefire13724454755636966009tmp surefire_014200386539856491682tmp"/>
    <property name="http.nonProxyHosts" value="local|*.local|169.254/16|*.169.254/16"/>
    <property name="jdk.debug" value="release"/>
    <property name="surefire.test.class.path" value="/Users/iulian/Projects/github/execdoc/execdoc-core/target/test-classes:/Users/iulian/Projects/github/execdoc/execdoc-core/target/classes:/Users/iulian/.m2/repository/org/projectlombok/lombok/1.18.22/lombok-1.18.22.jar:/Users/iulian/.m2/repository/org/junit/jupiter/junit-jupiter-api/5.8.2/junit-jupiter-api-5.8.2.jar:/Users/iulian/.m2/repository/org/opentest4j/opentest4j/1.2.0/opentest4j-1.2.0.jar:/Users/iulian/.m2/repository/org/junit/platform/junit-platform-commons/1.8.2/junit-platform-commons-1.8.2.jar:/Users/iulian/.m2/repository/org/apiguardian/apiguardian-api/1.1.2/apiguardian-api-1.1.2.jar:/Users/iulian/.m2/repository/org/slf4j/slf4j-api/1.7.32/slf4j-api-1.7.32.jar:/Users/iulian/.m2/repository/org/slf4j/slf4j-simple/1.7.32/slf4j-simple-1.7.32.jar:/Users/iulian/.m2/repository/org/apache/commons/commons-lang3/3.12.0/commons-lang3-3.12.0.jar:/Users/iulian/.m2/repository/commons-beanutils/commons-beanutils/1.9.4/commons-beanutils-1.9.4.jar:/Users/iulian/.m2/repository/commons-logging/commons-logging/1.2/commons-logging-1.2.jar:/Users/iulian/.m2/repository/commons-collections/commons-collections/3.2.2/commons-collections-3.2.2.jar:/Users/iulian/.m2/repository/commons-io/commons-io/2.11.0/commons-io-2.11.0.jar:/Users/iulian/.m2/repository/org/apache/commons/commons-math3/3.6.1/commons-math3-3.6.1.jar:/Users/iulian/.m2/repository/org/apache/commons/commons-text/1.9/commons-text-1.9.jar:/Users/iulian/.m2/repository/org/apache/tika/tika-core/2.1.0/tika-core-2.1.0.jar:/Users/iulian/.m2/repository/org/apache/poi/poi-ooxml/5.0.0/poi-ooxml-5.0.0.jar:/Users/iulian/.m2/repository/org/apache/poi/poi/5.0.0/poi-5.0.0.jar:/Users/iulian/.m2/repository/org/slf4j/jcl-over-slf4j/1.7.30/jcl-over-slf4j-1.7.30.jar:/Users/iulian/.m2/repository/commons-codec/commons-codec/1.15/commons-codec-1.15.jar:/Users/iulian/.m2/repository/org/apache/commons/commons-collections4/4.4/commons-collections4-4.4.jar:/Users/iulian/.m2/repository/com/zaxxer/SparseBitSet/1.2/SparseBitSet-1.2.jar:/Users/iulian/.m2/repository/org/apache/poi/poi-ooxml-lite/5.0.0/poi-ooxml-lite-5.0.0.jar:/Users/iulian/.m2/repository/org/apache/commons/commons-compress/1.20/commons-compress-1.20.jar:/Users/iulian/.m2/repository/com/github/virtuald/curvesapi/1.06/curvesapi-1.06.jar:/Users/iulian/.m2/repository/org/bouncycastle/bcpkix-jdk15on/1.68/bcpkix-jdk15on-1.68.jar:/Users/iulian/.m2/repository/org/bouncycastle/bcprov-jdk15on/1.68/bcprov-jdk15on-1.68.jar:/Users/iulian/.m2/repository/org/apache/santuario/xmlsec/2.2.1/xmlsec-2.2.1.jar:/Users/iulian/.m2/repository/com/fasterxml/woodstox/woodstox-core/5.2.1/woodstox-core-5.2.1.jar:/Users/iulian/.m2/repository/org/codehaus/woodstox/stax2-api/4.2/stax2-api-4.2.jar:/Users/iulian/.m2/repository/jakarta/xml/bind/jakarta.xml.bind-api/2.3.2/jakarta.xml.bind-api-2.3.2.jar:/Users/iulian/.m2/repository/jakarta/activation/jakarta.activation-api/1.2.1/jakarta.activation-api-1.2.1.jar:/Users/iulian/.m2/repository/org/apache/xmlgraphics/batik-all/1.13/batik-all-1.13.jar:/Users/iulian/.m2/repository/org/apache/xmlgraphics/batik-anim/1.13/batik-anim-1.13.jar:/Users/iulian/.m2/repository/org/apache/xmlgraphics/batik-shared-resources/1.13/batik-shared-resources-1.13.jar:/Users/iulian/.m2/repository/xml-apis/xml-apis-ext/1.3.04/xml-apis-ext-1.3.04.jar:/Users/iulian/.m2/repository/org/apache/xmlgraphics/batik-awt-util/1.13/batik-awt-util-1.13.jar:/Users/iulian/.m2/repository/org/apache/xmlgraphics/xmlgraphics-commons/2.4/xmlgraphics-commons-2.4.jar:/Users/iulian/.m2/repository/org/apache/xmlgraphics/batik-bridge/1.13/batik-bridge-1.13.jar:/Users/iulian/.m2/repository/org/apache/xmlgraphics/batik-codec/1.13/batik-codec-1.13.jar:/Users/iulian/.m2/repository/org/apache/xmlgraphics/batik-constants/1.13/batik-constants-1.13.jar:/Users/iulian/.m2/repository/org/apache/xmlgraphics/batik-css/1.13/batik-css-1.13.jar:/Users/iulian/.m2/repository/org/apache/xmlgraphics/batik-dom/1.13/batik-dom-1.13.jar:/Users/iulian/.m2/repository/xalan/xalan/2.7.2/xalan-2.7.2.jar:/Users/iulian/.m2/repository/xalan/serializer/2.7.2/serializer-2.7.2.jar:/Users/iulian/.m2/repository/xml-apis/xml-apis/1.4.01/xml-apis-1.4.01.jar:/Users/iulian/.m2/repository/org/apache/xmlgraphics/batik-ext/1.13/batik-ext-1.13.jar:/Users/iulian/.m2/repository/org/apache/xmlgraphics/batik-extension/1.13/batik-extension-1.13.jar:/Users/iulian/.m2/repository/org/apache/xmlgraphics/batik-gui-util/1.13/batik-gui-util-1.13.jar:/Users/iulian/.m2/repository/org/apache/xmlgraphics/batik-gvt/1.13/batik-gvt-1.13.jar:/Users/iulian/.m2/repository/org/apache/xmlgraphics/batik-i18n/1.13/batik-i18n-1.13.jar:/Users/iulian/.m2/repository/org/apache/xmlgraphics/batik-parser/1.13/batik-parser-1.13.jar:/Users/iulian/.m2/repository/org/apache/xmlgraphics/batik-rasterizer-ext/1.13/batik-rasterizer-ext-1.13.jar:/Users/iulian/.m2/repository/org/apache/xmlgraphics/batik-rasterizer/1.13/batik-rasterizer-1.13.jar:/Users/iulian/.m2/repository/org/apache/xmlgraphics/batik-script/1.13/batik-script-1.13.jar:/Users/iulian/.m2/repository/org/apache/xmlgraphics/batik-slideshow/1.13/batik-slideshow-1.13.jar:/Users/iulian/.m2/repository/org/apache/xmlgraphics/batik-squiggle-ext/1.13/batik-squiggle-ext-1.13.jar:/Users/iulian/.m2/repository/org/apache/xmlgraphics/batik-squiggle/1.13/batik-squiggle-1.13.jar:/Users/iulian/.m2/repository/org/apache/xmlgraphics/batik-svg-dom/1.13/batik-svg-dom-1.13.jar:/Users/iulian/.m2/repository/org/apache/xmlgraphics/batik-svgbrowser/1.13/batik-svgbrowser-1.13.jar:/Users/iulian/.m2/repository/org/apache/xmlgraphics/batik-svggen/1.13/batik-svggen-1.13.jar:/Users/iulian/.m2/repository/org/apache/xmlgraphics/batik-svgpp/1.13/batik-svgpp-1.13.jar:/Users/iulian/.m2/repository/org/apache/xmlgraphics/batik-svgrasterizer/1.13/batik-svgrasterizer-1.13.jar:/Users/iulian/.m2/repository/org/apache/xmlgraphics/batik-swing/1.13/batik-swing-1.13.jar:/Users/iulian/.m2/repository/org/apache/xmlgraphics/batik-transcoder/1.13/batik-transcoder-1.13.jar:/Users/iulian/.m2/repository/org/apache/xmlgraphics/batik-util/1.13/batik-util-1.13.jar:/Users/iulian/.m2/repository/org/apache/xmlgraphics/batik-ttf2svg/1.13/batik-ttf2svg-1.13.jar:/Users/iulian/.m2/repository/org/apache/xmlgraphics/batik-xml/1.13/batik-xml-1.13.jar:/Users/iulian/.m2/repository/de/rototor/pdfbox/graphics2d/0.30/graphics2d-0.30.jar:/Users/iulian/.m2/repository/org/apache/poi/poi-ooxml-full/5.0.0/poi-ooxml-full-5.0.0.jar:/Users/iulian/.m2/repository/org/apache/xmlbeans/xmlbeans/4.0.0/xmlbeans-4.0.0.jar:/Users/iulian/.m2/repository/org/jgrapht/jgrapht-core/1.5.1/jgrapht-core-1.5.1.jar:/Users/iulian/.m2/repository/org/jheaps/jheaps/0.13/jheaps-0.13.jar:/Users/iulian/.m2/repository/com/openhtmltopdf/openhtmltopdf-pdfbox/1.0.10/openhtmltopdf-pdfbox-1.0.10.jar:/Users/iulian/.m2/repository/org/apache/pdfbox/pdfbox/2.0.24/pdfbox-2.0.24.jar:/Users/iulian/.m2/repository/org/apache/pdfbox/fontbox/2.0.24/fontbox-2.0.24.jar:/Users/iulian/.m2/repository/org/apache/pdfbox/xmpbox/2.0.24/xmpbox-2.0.24.jar:/Users/iulian/.m2/repository/com/openhtmltopdf/openhtmltopdf-core/1.0.10/openhtmltopdf-core-1.0.10.jar:/Users/iulian/.m2/repository/org/dom4j/dom4j/2.1.3/dom4j-2.1.3.jar:/Users/iulian/.m2/repository/org/json/json/20211205/json-20211205.jar:/Users/iulian/.m2/repository/com/github/javaparser/javaparser-symbol-solver-core/3.23.1/javaparser-symbol-solver-core-3.23.1.jar:/Users/iulian/.m2/repository/com/github/javaparser/javaparser-core/3.23.1/javaparser-core-3.23.1.jar:/Users/iulian/.m2/repository/org/javassist/javassist/3.28.0-GA/javassist-3.28.0-GA.jar:/Users/iulian/.m2/repository/com/google/guava/guava/31.0.1-jre/guava-31.0.1-jre.jar:/Users/iulian/.m2/repository/com/google/guava/failureaccess/1.0.1/failureaccess-1.0.1.jar:/Users/iulian/.m2/repository/com/google/guava/listenablefuture/9999.0-empty-to-avoid-conflict-with-guava/listenablefuture-9999.0-empty-to-avoid-conflict-with-guava.jar:/Users/iulian/.m2/repository/com/google/code/findbugs/jsr305/3.0.2/jsr305-3.0.2.jar:/Users/iulian/.m2/repository/org/checkerframework/checker-qual/3.12.0/checker-qual-3.12.0.jar:/Users/iulian/.m2/repository/com/google/errorprone/error_prone_annotations/2.7.1/error_prone_annotations-2.7.1.jar:/Users/iulian/.m2/repository/com/google/j2objc/j2objc-annotations/1.3/j2objc-annotations-1.3.jar:/Users/iulian/.m2/repository/it/unibo/tuprolog/ide-plp/0.20.4/ide-plp-0.20.4.jar:/Users/iulian/.m2/repository/org/jetbrains/kotlin/kotlin-stdlib-jdk8/1.5.31/kotlin-stdlib-jdk8-1.5.31.jar:/Users/iulian/.m2/repository/org/jetbrains/kotlin/kotlin-stdlib/1.5.31/kotlin-stdlib-1.5.31.jar:/Users/iulian/.m2/repository/org/jetbrains/annotations/13.0/annotations-13.0.jar:/Users/iulian/.m2/repository/org/jetbrains/kotlin/kotlin-stdlib-jdk7/1.5.31/kotlin-stdlib-jdk7-1.5.31.jar:/Users/iulian/.m2/repository/it/unibo/tuprolog/ide/0.20.4/ide-0.20.4.jar:/Users/iulian/.m2/repository/it/unibo/tuprolog/io-lib-jvm/0.20.4/io-lib-jvm-0.20.4.jar:/Users/iulian/.m2/repository/it/unibo/tuprolog/solve-jvm/0.20.4/solve-jvm-0.20.4.jar:/Users/iulian/.m2/repository/it/unibo/tuprolog/oop-lib-jvm/0.20.4/oop-lib-jvm-0.20.4.jar:/Users/iulian/.m2/repository/org/jetbrains/kotlin/kotlin-reflect/1.5.31/kotlin-reflect-1.5.31.jar:/Users/iulian/.m2/repository/it/unibo/tuprolog/parser-theory-jvm/0.20.4/parser-theory-jvm-0.20.4.jar:/Users/iulian/.m2/repository/it/unibo/tuprolog/core-jvm/0.20.4/core-jvm-0.20.4.jar:/Users/iulian/.m2/repository/io/github/gciatto/kt-math-jvm/0.4.0/kt-math-jvm-0.4.0.jar:/Users/iulian/.m2/repository/it/unibo/tuprolog/utils-jvm/0.20.4/utils-jvm-0.20.4.jar:/Users/iulian/.m2/repository/it/unibo/tuprolog/unify-jvm/0.20.4/unify-jvm-0.20.4.jar:/Users/iulian/.m2/repository/it/unibo/tuprolog/theory-jvm/0.20.4/theory-jvm-0.20.4.jar:/Users/iulian/.m2/repository/it/unibo/tuprolog/parser-core-jvm/0.20.4/parser-core-jvm-0.20.4.jar:/Users/iulian/.m2/repository/it/unibo/tuprolog/parser-jvm/0.20.4/parser-jvm-0.20.4.jar:/Users/iulian/.m2/repository/org/antlr/antlr4-runtime/4.9.2/antlr4-runtime-4.9.2.jar:/Users/iulian/.m2/repository/it/unibo/tuprolog/solve-classic-jvm/0.20.4/solve-classic-jvm-0.20.4.jar:/Users/iulian/.m2/repository/it/unibo/tuprolog/dsl-theory-jvm/0.20.4/dsl-theory-jvm-0.20.4.jar:/Users/iulian/.m2/repository/it/unibo/tuprolog/dsl-unify-jvm/0.20.4/dsl-unify-jvm-0.20.4.jar:/Users/iulian/.m2/repository/it/unibo/tuprolog/dsl-core-jvm/0.20.4/dsl-core-jvm-0.20.4.jar:/Users/iulian/.m2/repository/org/fxmisc/richtext/richtextfx/0.10.6/richtextfx-0.10.6.jar:/Users/iulian/.m2/repository/org/reactfx/reactfx/2.0-M5/reactfx-2.0-M5.jar:/Users/iulian/.m2/repository/org/fxmisc/undo/undofx/2.1.0/undofx-2.1.0.jar:/Users/iulian/.m2/repository/org/fxmisc/flowless/flowless/0.6.3/flowless-0.6.3.jar:/Users/iulian/.m2/repository/org/fxmisc/wellbehaved/wellbehavedfx/0.3.3/wellbehavedfx-0.3.3.jar:/Users/iulian/.m2/repository/it/unibo/tuprolog/solve-problog-jvm/0.20.4/solve-problog-jvm-0.20.4.jar:/Users/iulian/.m2/repository/org/jetbrains/kotlin/kotlin-stdlib-common/1.5.31/kotlin-stdlib-common-1.5.31.jar:/Users/iulian/.m2/repository/it/unibo/tuprolog/bdd-jvm/0.20.4/bdd-jvm-0.20.4.jar:/Users/iulian/.m2/repository/it/unibo/tuprolog/solve-plp-jvm/0.20.4/solve-plp-jvm-0.20.4.jar:/Users/iulian/.m2/repository/guru/nidi/graphviz-java/0.18.1/graphviz-java-0.18.1.jar:/Users/iulian/.m2/repository/org/webjars/npm/viz.js-graphviz-java/2.1.3/viz.js-graphviz-java-2.1.3.jar:/Users/iulian/.m2/repository/guru/nidi/com/kitfox/svgSalamander/1.1.3/svgSalamander-1.1.3.jar:/Users/iulian/.m2/repository/net/arnx/nashorn-promise/0.1.1/nashorn-promise-0.1.1.jar:/Users/iulian/.m2/repository/org/apache/commons/commons-exec/1.3/commons-exec-1.3.jar:/Users/iulian/.m2/repository/org/slf4j/jul-to-slf4j/1.7.30/jul-to-slf4j-1.7.30.jar:/Users/iulian/.m2/repository/guru/nidi/com/eclipsesource/j2v8/j2v8_macosx_x86_64/4.6.0/j2v8_macosx_x86_64-4.6.0.jar:/Users/iulian/.m2/repository/org/openjfx/javafx-graphics/16/javafx-graphics-16-linux.jar:/Users/iulian/.m2/repository/org/openjfx/javafx-base/16/javafx-base-16.jar:/Users/iulian/.m2/repository/org/openjfx/javafx-fxml/16/javafx-fxml-16-linux.jar:/Users/iulian/.m2/repository/org/openjfx/javafx-fxml/16/javafx-fxml-16-mac.jar:/Users/iulian/.m2/repository/org/openjfx/javafx-controls/16/javafx-controls-16.jar:/Users/iulian/.m2/repository/org/openjfx/javafx-controls/16/javafx-controls-16-linux.jar:/Users/iulian/.m2/repository/org/openjfx/javafx-controls/16/javafx-controls-16-mac.jar:/Users/iulian/.m2/repository/org/openjfx/javafx-graphics/16/javafx-graphics-16.jar:/Users/iulian/.m2/repository/org/openjfx/javafx-base/16/javafx-base-16-linux.jar:/Users/iulian/.m2/repository/org/openjfx/javafx-base/16/javafx-base-16-mac.jar:/Users/iulian/.m2/repository/org/openjfx/javafx-graphics/16/javafx-graphics-16-win.jar:/Users/iulian/.m2/repository/org/openjfx/javafx-graphics/16/javafx-graphics-16-mac.jar:/Users/iulian/.m2/repository/io/github/java-diff-utils/java-diff-utils/4.11/java-diff-utils-4.11.jar:/Users/iulian/.m2/repository/net/sourceforge/plantuml/plantuml/1.2021.10/plantuml-1.2021.10.jar:/Users/iulian/.m2/repository/org/thymeleaf/thymeleaf/3.0.14.RELEASE/thymeleaf-3.0.14.RELEASE.jar:/Users/iulian/.m2/repository/ognl/ognl/3.1.26/ognl-3.1.26.jar:/Users/iulian/.m2/repository/org/attoparser/attoparser/2.0.5.RELEASE/attoparser-2.0.5.RELEASE.jar:/Users/iulian/.m2/repository/org/unbescape/unbescape/1.1.6.RELEASE/unbescape-1.1.6.RELEASE.jar:/Users/iulian/.m2/repository/com/devskiller/friendly-id/friendly-id/1.1.0/friendly-id-1.1.0.jar:"/>
    <property name="sun.cpu.endian" value="little"/>
    <property name="user.home" value="/Users/iulian"/>
    <property name="user.language" value="en"/>
    <property name="java.specification.vendor" value="Oracle Corporation"/>
    <property name="java.version.date" value="2021-07-20"/>
    <property name="java.home" value="/usr/local/Cellar/openjdk@11/11.0.12/libexec/openjdk.jdk/Contents/Home"/>
    <property name="file.separator" value="/"/>
    <property name="basedir" value="/Users/iulian/Projects/github/execdoc/execdoc-core"/>
    <property name="java.vm.compressedOopsMode" value="Zero based"/>
    <property name="line.separator" value="&#10;"/>
    <property name="java.specification.name" value="Java Platform API Specification"/>
    <property name="java.vm.specification.vendor" value="Oracle Corporation"/>
    <property name="java.awt.graphicsenv" value="sun.awt.CGraphicsEnvironment"/>
    <property name="surefire.real.class.path" value="/Users/iulian/Projects/github/execdoc/execdoc-core/target/surefire/surefirebooter14632074089191378427.jar"/>
    <property name="sun.management.compiler" value="HotSpot 64-Bit Tiered Compilers"/>
    <property name="ftp.nonProxyHosts" value="local|*.local|169.254/16|*.169.254/16"/>
    <property name="java.runtime.version" value="11.0.12+0"/>
    <property name="user.name" value="iulian"/>
    <property name="path.separator" value=":"/>
    <property name="os.version" value="12.1"/>
    <property name="java.runtime.name" value="OpenJDK Runtime Environment"/>
    <property name="file.encoding" value="UTF-8"/>
    <property name="java.vm.name" value="OpenJDK 64-Bit Server VM"/>
    <property name="java.vendor.version" value="Homebrew"/>
    <property name="localRepository" value="/Users/iulian/.m2/repository"/>
    <property name="java.vendor.url.bug" value="https://github.com/Homebrew/homebrew-core/issues"/>
    <property name="java.io.tmpdir" value="/var/folders/xt/r65k0z5j3m9fq4c_rdlqfcw40000gn/T/"/>
    <property name="idea.version" value="2021.2.3"/>
    <property name="java.version" value="11.0.12"/>
    <property name="user.dir" value="/Users/iulian/Projects/github/execdoc/execdoc-core"/>
    <property name="os.arch" value="x86_64"/>
    <property name="java.vm.specification.name" value="Java Virtual Machine Specification"/>
    <property name="java.awt.printerjob" value="sun.lwawt.macosx.CPrinterJob"/>
    <property name="sun.os.patch.level" value="unknown"/>
    <property name="java.library.path" value="/Users/iulian/Library/Java/Extensions:/Library/Java/Extensions:/Network/Library/Java/Extensions:/System/Library/Java/Extensions:/usr/lib/java:."/>
    <property name="java.vm.info" value="mixed mode"/>
    <property name="java.vendor" value="Homebrew"/>
    <property name="java.vm.version" value="11.0.12+0"/>
    <property name="sun.io.unicode.encoding" value="UnicodeBig"/>
    <property name="java.class.version" value="55.0"/>
    <property name="socksNonProxyHosts" value="local|*.local|169.254/16|*.169.254/16"/>
  </properties>
</testsuite>